mode: set
github.com/0x113/x-media/movie-svc/external/tmdb/movie.go:20.94,25.16 4 1
github.com/0x113/x-media/movie-svc/external/tmdb/movie.go:29.2,30.16 2 1
github.com/0x113/x-media/movie-svc/external/tmdb/movie.go:33.2,35.37 2 1
github.com/0x113/x-media/movie-svc/external/tmdb/movie.go:40.2,41.71 2 1
github.com/0x113/x-media/movie-svc/external/tmdb/movie.go:45.2,45.36 1 1
github.com/0x113/x-media/movie-svc/external/tmdb/movie.go:49.2,49.37 1 1
github.com/0x113/x-media/movie-svc/external/tmdb/movie.go:25.16,27.3 1 0
github.com/0x113/x-media/movie-svc/external/tmdb/movie.go:30.16,32.3 1 1
github.com/0x113/x-media/movie-svc/external/tmdb/movie.go:35.37,37.3 1 1
github.com/0x113/x-media/movie-svc/external/tmdb/movie.go:41.71,43.3 1 0
github.com/0x113/x-media/movie-svc/external/tmdb/movie.go:45.36,47.3 1 1
